
> nextjs@0.1.0 build
> next build

Attention: Next.js now collects completely anonymous telemetry regarding usage.
This information is used to shape Next.js' roadmap and prioritize features.
You can learn more, including how to opt-out if you'd not like to participate in this anonymous program, by visiting the following URL:
https://nextjs.org/telemetry

   Creating an optimized production build...
 ⚠ Compiled with warnings

./node_modules/@supabase/auth-js/dist/main/lib/helpers.js
Critical dependency: the request of a dependency is an expression

Import trace for requested module:
./node_modules/@supabase/auth-js/dist/main/lib/helpers.js
./node_modules/@supabase/auth-js/dist/main/GoTrueAdminApi.js
./node_modules/@supabase/auth-js/dist/main/index.js
./node_modules/@supabase/supabase-js/dist/main/index.js
./lib/supabase/client.ts
./app/page.tsx

./node_modules/@supabase/functions-js/dist/main/helper.js
Critical dependency: the request of a dependency is an expression

Import trace for requested module:
./node_modules/@supabase/functions-js/dist/main/helper.js
./node_modules/@supabase/functions-js/dist/main/FunctionsClient.js
./node_modules/@supabase/functions-js/dist/main/index.js
./node_modules/@supabase/supabase-js/dist/main/index.js
./lib/supabase/client.ts
./app/page.tsx

./node_modules/@supabase/realtime-js/dist/main/RealtimeClient.js
Critical dependency: the request of a dependency is an expression

Import trace for requested module:
./node_modules/@supabase/realtime-js/dist/main/RealtimeClient.js
./node_modules/@supabase/realtime-js/dist/main/index.js
./node_modules/@supabase/supabase-js/dist/main/index.js
./lib/supabase/client.ts
./app/page.tsx

./node_modules/@supabase/storage-js/dist/main/lib/helpers.js
Critical dependency: the request of a dependency is an expression

Import trace for requested module:
./node_modules/@supabase/storage-js/dist/main/lib/helpers.js
./node_modules/@supabase/storage-js/dist/main/packages/StorageAnalyticsApi.js
./node_modules/@supabase/storage-js/dist/main/index.js
./node_modules/@supabase/supabase-js/dist/main/SupabaseClient.js
./node_modules/@supabase/supabase-js/dist/main/index.js
./lib/supabase/client.ts
./app/page.tsx

./node_modules/@supabase/storage-js/dist/main/lib/helpers.js
Critical dependency: the request of a dependency is an expression

Import trace for requested module:
./node_modules/@supabase/storage-js/dist/main/lib/helpers.js
./node_modules/@supabase/storage-js/dist/main/packages/StorageAnalyticsApi.js
./node_modules/@supabase/storage-js/dist/main/index.js
./node_modules/@supabase/supabase-js/dist/main/SupabaseClient.js
./node_modules/@supabase/supabase-js/dist/main/index.js
./lib/supabase/client.ts
./app/page.tsx

./node_modules/@supabase/storage-js/dist/main/lib/vectors/helpers.js
Critical dependency: the request of a dependency is an expression

Import trace for requested module:
./node_modules/@supabase/storage-js/dist/main/lib/vectors/helpers.js
./node_modules/@supabase/storage-js/dist/main/lib/vectors/index.js
./node_modules/@supabase/storage-js/dist/main/index.js
./node_modules/@supabase/supabase-js/dist/main/SupabaseClient.js
./node_modules/@supabase/supabase-js/dist/main/index.js
./lib/supabase/client.ts
./app/page.tsx

./node_modules/@supabase/storage-js/dist/main/lib/vectors/helpers.js
Critical dependency: the request of a dependency is an expression

Import trace for requested module:
./node_modules/@supabase/storage-js/dist/main/lib/vectors/helpers.js
./node_modules/@supabase/storage-js/dist/main/lib/vectors/index.js
./node_modules/@supabase/storage-js/dist/main/index.js
./node_modules/@supabase/supabase-js/dist/main/SupabaseClient.js
./node_modules/@supabase/supabase-js/dist/main/index.js
./lib/supabase/client.ts
./app/page.tsx

./node_modules/@supabase/auth-js/dist/main/lib/helpers.js
Critical dependency: the request of a dependency is an expression

Import trace for requested module:
./node_modules/@supabase/auth-js/dist/main/lib/helpers.js
./node_modules/@supabase/auth-js/dist/main/GoTrueAdminApi.js
./node_modules/@supabase/auth-js/dist/main/index.js
./node_modules/@supabase/supabase-js/dist/main/index.js
./app/api/prep/convert-to-scenes/route.ts

./node_modules/@supabase/functions-js/dist/main/helper.js
Critical dependency: the request of a dependency is an expression

Import trace for requested module:
./node_modules/@supabase/functions-js/dist/main/helper.js
./node_modules/@supabase/functions-js/dist/main/FunctionsClient.js
./node_modules/@supabase/functions-js/dist/main/index.js
./node_modules/@supabase/supabase-js/dist/main/index.js
./app/api/prep/convert-to-scenes/route.ts

./node_modules/@supabase/realtime-js/dist/main/RealtimeClient.js
Critical dependency: the request of a dependency is an expression

Import trace for requested module:
./node_modules/@supabase/realtime-js/dist/main/RealtimeClient.js
./node_modules/@supabase/realtime-js/dist/main/index.js
./node_modules/@supabase/supabase-js/dist/main/index.js
./app/api/prep/convert-to-scenes/route.ts

./node_modules/@supabase/storage-js/dist/main/lib/helpers.js
Critical dependency: the request of a dependency is an expression

Import trace for requested module:
./node_modules/@supabase/storage-js/dist/main/lib/helpers.js
./node_modules/@supabase/storage-js/dist/main/packages/StorageAnalyticsApi.js
./node_modules/@supabase/storage-js/dist/main/index.js
./node_modules/@supabase/supabase-js/dist/main/SupabaseClient.js
./node_modules/@supabase/supabase-js/dist/main/index.js
./app/api/prep/convert-to-scenes/route.ts

./node_modules/@supabase/storage-js/dist/main/lib/helpers.js
Critical dependency: the request of a dependency is an expression

Import trace for requested module:
./node_modules/@supabase/storage-js/dist/main/lib/helpers.js
./node_modules/@supabase/storage-js/dist/main/packages/StorageAnalyticsApi.js
./node_modules/@supabase/storage-js/dist/main/index.js
./node_modules/@supabase/supabase-js/dist/main/SupabaseClient.js
./node_modules/@supabase/supabase-js/dist/main/index.js
./app/api/prep/convert-to-scenes/route.ts

./node_modules/@supabase/storage-js/dist/main/lib/vectors/helpers.js
Critical dependency: the request of a dependency is an expression

Import trace for requested module:
./node_modules/@supabase/storage-js/dist/main/lib/vectors/helpers.js
./node_modules/@supabase/storage-js/dist/main/lib/vectors/index.js
./node_modules/@supabase/storage-js/dist/main/index.js
./node_modules/@supabase/supabase-js/dist/main/SupabaseClient.js
./node_modules/@supabase/supabase-js/dist/main/index.js
./app/api/prep/convert-to-scenes/route.ts

./node_modules/@supabase/storage-js/dist/main/lib/vectors/helpers.js
Critical dependency: the request of a dependency is an expression

Import trace for requested module:
./node_modules/@supabase/storage-js/dist/main/lib/vectors/helpers.js
./node_modules/@supabase/storage-js/dist/main/lib/vectors/index.js
./node_modules/@supabase/storage-js/dist/main/index.js
./node_modules/@supabase/supabase-js/dist/main/SupabaseClient.js
./node_modules/@supabase/supabase-js/dist/main/index.js
./app/api/prep/convert-to-scenes/route.ts

   Skipping linting
   Checking validity of types...
   Collecting page data...
   Generating static pages (0/20)...
   Generating static pages (5/20)


Error occurred prerendering page "/500". Read more: https://nextjs.org/docs/messages/prerender-error
Error: Cannot find module 'critters'
Require stack:
- /tmp/cc-agent/59067580/project/node_modules/next/dist/compiled/next-server/pages.runtime.prod.js
- /tmp/cc-agent/59067580/project/.next/server/pages/_document.js
- /tmp/cc-agent/59067580/project/node_modules/next/dist/server/require.js
- /tmp/cc-agent/59067580/project/node_modules/next/dist/server/load-components.js
- /tmp/cc-agent/59067580/project/node_modules/next/dist/build/utils.js
- /tmp/cc-agent/59067580/project/node_modules/next/dist/build/worker.js
- /tmp/cc-agent/59067580/project/node_modules/next/dist/compiled/jest-worker/processChild.js
    at Function.<anonymous> (node:internal/modules/cjs/loader:1383:15)
    at /tmp/cc-agent/59067580/project/node_modules/next/dist/server/require-hook.js:54:36
    at defaultResolveImpl (node:internal/modules/cjs/loader:1025:19)
    at resolveForCJSWithHooks (node:internal/modules/cjs/loader:1030:22)
    at Function._load (node:internal/modules/cjs/loader:1192:37)
    at TracingChannel.traceSync (node:diagnostics_channel:328:14)
    at wrapModuleLoad (node:internal/modules/cjs/loader:237:24)
    at Module.<anonymous> (node:internal/modules/cjs/loader:1463:12)
    at mod.require (/tmp/cc-agent/59067580/project/node_modules/next/dist/server/require-hook.js:64:28)
    at require (node:internal/modules/helpers:147:16)
   Generating static pages (10/20)

   Generating static pages (15/20)


Error occurred prerendering page "/404". Read more: https://nextjs.org/docs/messages/prerender-error
Error: Cannot find module 'critters'
Require stack:
- /tmp/cc-agent/59067580/project/node_modules/next/dist/compiled/next-server/pages.runtime.prod.js
- /tmp/cc-agent/59067580/project/node_modules/next/dist/server/future/route-modules/pages/module.compiled.js
- /tmp/cc-agent/59067580/project/node_modules/next/dist/export/worker.js
- /tmp/cc-agent/59067580/project/node_modules/next/dist/build/worker.js
- /tmp/cc-agent/59067580/project/node_modules/next/dist/compiled/jest-worker/processChild.js
    at Function.<anonymous> (node:internal/modules/cjs/loader:1383:15)
    at /tmp/cc-agent/59067580/project/node_modules/next/dist/server/require-hook.js:54:36
    at defaultResolveImpl (node:internal/modules/cjs/loader:1025:19)
    at resolveForCJSWithHooks (node:internal/modules/cjs/loader:1030:22)
    at Function._load (node:internal/modules/cjs/loader:1192:37)
    at TracingChannel.traceSync (node:diagnostics_channel:328:14)
    at wrapModuleLoad (node:internal/modules/cjs/loader:237:24)
    at Module.<anonymous> (node:internal/modules/cjs/loader:1463:12)
    at mod.require (/tmp/cc-agent/59067580/project/node_modules/next/dist/server/require-hook.js:64:28)
    at require (node:internal/modules/helpers:147:16)
 ✓ Generating static pages (20/20)

> Export encountered errors on following paths:
	/_error: /404
	/_error: /500
